<12.06.2025 19:39:06> Extracting hash from 'game_save.json'
<12.06.2025 19:39:06> Computed hash for 'game_save.json'
<12.06.2025 19:39:06> Loading game process finished.
<12.06.2025 19:39:08> Test
<12.06.2025 19:39:08> Generated loot for Zombie - Leather Armor, Bronze Trinket, Health Potion
<12.06.2025 19:39:08> Picked random item from Leather Armor, Bronze Trinket, Health Potion with rarity check. Got Health Potion
<12.06.2025 19:39:08> Generated loot for Zombie - Leather Armor, Bronze Trinket, Health Potion
<12.06.2025 19:39:08> Picked random item from Leather Armor, Bronze Trinket, Health Potion with rarity check. Got Health Potion
<12.06.2025 19:39:08> Generated loot for Zombie - Leather Armor, Bronze Trinket, Health Potion
<12.06.2025 19:39:08> Picked random item from Leather Armor, Bronze Trinket, Health Potion with rarity check. Got Health Potion
<12.06.2025 19:39:08> Generated loot table for Zombie. Items: Health Potion, Health Potion, Health Potion, Exp: 386
<12.06.2025 19:39:08> Generated loot for Goblin - Health Potion, Leather Armor, Bronze Trinket, Golden Trinket, Ruby Pendant
<12.06.2025 19:39:08> Picked random item from Health Potion, Leather Armor, Bronze Trinket, Golden Trinket, Ruby Pendant with rarity check. Got Leather Armor
<12.06.2025 19:39:08> Generated loot for Goblin - Health Potion, Leather Armor, Bronze Trinket, Golden Trinket, Ruby Pendant
<12.06.2025 19:39:08> Picked random item from Health Potion, Leather Armor, Bronze Trinket, Golden Trinket, Ruby Pendant with rarity check. Got Bronze Trinket
<12.06.2025 19:39:08> Generated loot table for Goblin. Items: Leather Armor, Bronze Trinket, Exp: 512
<12.06.2025 19:39:08> Generated loot for Orc - Bronze Trinket, Health Potion, Golden Trinket, Iron Helmet, Amulet of Wisdom
<12.06.2025 19:39:08> Picked random item from Bronze Trinket, Health Potion, Golden Trinket, Iron Helmet, Amulet of Wisdom with rarity check. Got Bronze Trinket
<12.06.2025 19:39:08> Generated loot for Orc - Bronze Trinket, Health Potion, Golden Trinket, Iron Helmet, Amulet of Wisdom
<12.06.2025 19:39:08> Picked random item from Bronze Trinket, Health Potion, Golden Trinket, Iron Helmet, Amulet of Wisdom with rarity check. Got Iron Helmet
<12.06.2025 19:39:08> Generated loot table for Orc. Items: Bronze Trinket, Iron Helmet, Exp: 877
<12.06.2025 19:39:08> Generated loot for Dragon - Shadow Leggings, Health Potion, Golden Trinket, Ruby Pendant, Amulet of Wisdom, Dragon Helm, Knight's Armor
<12.06.2025 19:39:08> Picked random item from Shadow Leggings, Health Potion, Golden Trinket, Ruby Pendant, Amulet of Wisdom, Dragon Helm, Knight's Armor with rarity check. Got Ruby Pendant
<12.06.2025 19:39:08> Generated loot for Dragon - Shadow Leggings, Health Potion, Golden Trinket, Ruby Pendant, Amulet of Wisdom, Dragon Helm, Knight's Armor
<12.06.2025 19:39:08> Picked random item from Shadow Leggings, Health Potion, Golden Trinket, Ruby Pendant, Amulet of Wisdom, Dragon Helm, Knight's Armor with rarity check. Got Knight's Armor
<12.06.2025 19:39:08> Generated loot for Dragon - Shadow Leggings, Health Potion, Golden Trinket, Ruby Pendant, Amulet of Wisdom, Dragon Helm, Knight's Armor
<12.06.2025 19:39:08> Picked random item from Shadow Leggings, Health Potion, Golden Trinket, Ruby Pendant, Amulet of Wisdom, Dragon Helm, Knight's Armor with rarity check. Got Knight's Armor
<12.06.2025 19:39:08> Generated loot table for Dragon. Items: Ruby Pendant, Knight's Armor, Knight's Armor, Exp: 1221
<12.06.2025 19:39:08> Battle between Player and Zombie has started