<12.06.2025 19:34:59> Extracting hash from 'game_save.json'
<12.06.2025 19:34:59> Computed hash for 'game_save.json'
<12.06.2025 19:34:59> Loading game process finished.
<12.06.2025 19:35:00> Test
<12.06.2025 19:35:01> Generated loot for Zombie - Leather Armor, Bronze Trinket, Health Potion
<12.06.2025 19:35:01> Picked random item from Leather Armor, Bronze Trinket, Health Potion with rarity check. Got Health Potion
<12.06.2025 19:35:01> Generated loot for Zombie - Leather Armor, Bronze Trinket, Health Potion
<12.06.2025 19:35:01> Picked random item from Leather Armor, Bronze Trinket, Health Potion with rarity check. Got Bronze Trinket
<12.06.2025 19:35:01> Generated loot table for Zombie. Items: Health Potion, Bronze Trinket, Exp: 492
<12.06.2025 19:35:01> Generated loot for Goblin - Health Potion, Leather Armor, Bronze Trinket, Golden Trinket, Ruby Pendant
<12.06.2025 19:35:01> Picked random item from Health Potion, Leather Armor, Bronze Trinket, Golden Trinket, Ruby Pendant with rarity check. Got Health Potion
<12.06.2025 19:35:01> Generated loot for Goblin - Health Potion, Leather Armor, Bronze Trinket, Golden Trinket, Ruby Pendant
<12.06.2025 19:35:01> Picked random item from Health Potion, Leather Armor, Bronze Trinket, Golden Trinket, Ruby Pendant with rarity check. Got Ruby Pendant
<12.06.2025 19:35:01> Generated loot table for Goblin. Items: Health Potion, Ruby Pendant, Exp: 765
<12.06.2025 19:35:01> Generated loot for Orc - Bronze Trinket, Health Potion, Golden Trinket, Iron Helmet, Amulet of Wisdom
<12.06.2025 19:35:01> Picked random item from Bronze Trinket, Health Potion, Golden Trinket, Iron Helmet, Amulet of Wisdom with rarity check. Got Bronze Trinket
<12.06.2025 19:35:01> Generated loot for Orc - Bronze Trinket, Health Potion, Golden Trinket, Iron Helmet, Amulet of Wisdom
<12.06.2025 19:35:01> Picked random item from Bronze Trinket, Health Potion, Golden Trinket, Iron Helmet, Amulet of Wisdom with rarity check. Got Bronze Trinket
<12.06.2025 19:35:01> Generated loot for Orc - Bronze Trinket, Health Potion, Golden Trinket, Iron Helmet, Amulet of Wisdom
<12.06.2025 19:35:01> Picked random item from Bronze Trinket, Health Potion, Golden Trinket, Iron Helmet, Amulet of Wisdom with rarity check. Got Health Potion
<12.06.2025 19:35:01> Generated loot table for Orc. Items: Bronze Trinket, Bronze Trinket, Health Potion, Exp: 793
<12.06.2025 19:35:01> Generated loot for Dragon - Shadow Leggings, Health Potion, Golden Trinket, Ruby Pendant, Amulet of Wisdom, Dragon Helm, Knight's Armor
<12.06.2025 19:35:01> Picked random item from Shadow Leggings, Health Potion, Golden Trinket, Ruby Pendant, Amulet of Wisdom, Dragon Helm, Knight's Armor with rarity check. Got Health Potion
<12.06.2025 19:35:01> Generated loot for Dragon - Shadow Leggings, Health Potion, Golden Trinket, Ruby Pendant, Amulet of Wisdom, Dragon Helm, Knight's Armor
<12.06.2025 19:35:01> Picked random item from Shadow Leggings, Health Potion, Golden Trinket, Ruby Pendant, Amulet of Wisdom, Dragon Helm, Knight's Armor with rarity check. Got Health Potion
<12.06.2025 19:35:01> Generated loot table for Dragon. Items: Health Potion, Health Potion, Exp: 1306
<12.06.2025 19:35:01> Battle between Player and Zombie has started