<12.06.2025 19:40:38> Extracting hash from 'game_save.json'
<12.06.2025 19:40:38> Computed hash for 'game_save.json'
<12.06.2025 19:40:38> Loading game process finished.
<12.06.2025 19:40:40> Test
<12.06.2025 19:40:40> Generated loot for Zombie - Leather Armor, Bronze Trinket, Health Potion
<12.06.2025 19:40:40> Picked random item from Leather Armor, Bronze Trinket, Health Potion with rarity check. Got Bronze Trinket
<12.06.2025 19:40:40> Generated loot for Zombie - Leather Armor, Bronze Trinket, Health Potion
<12.06.2025 19:40:40> Picked random item from Leather Armor, Bronze Trinket, Health Potion with rarity check. Got Health Potion
<12.06.2025 19:40:40> Generated loot table for Zombie. Items: Bronze Trinket, Health Potion, Exp: 445
<12.06.2025 19:40:40> Generated loot for Goblin - Health Potion, Leather Armor, Bronze Trinket, Golden Trinket, Ruby Pendant
<12.06.2025 19:40:40> Picked random item from Health Potion, Leather Armor, Bronze Trinket, Golden Trinket, Ruby Pendant with rarity check. Got Leather Armor
<12.06.2025 19:40:40> Generated loot for Goblin - Health Potion, Leather Armor, Bronze Trinket, Golden Trinket, Ruby Pendant
<12.06.2025 19:40:40> Picked random item from Health Potion, Leather Armor, Bronze Trinket, Golden Trinket, Ruby Pendant with rarity check. Got Health Potion
<12.06.2025 19:40:40> Generated loot table for Goblin. Items: Leather Armor, Health Potion, Exp: 534
<12.06.2025 19:40:40> Generated loot for Orc - Bronze Trinket, Health Potion, Golden Trinket, Iron Helmet, Amulet of Wisdom
<12.06.2025 19:40:40> Picked random item from Bronze Trinket, Health Potion, Golden Trinket, Iron Helmet, Amulet of Wisdom with rarity check. Got Amulet of Wisdom
<12.06.2025 19:40:40> Generated loot for Orc - Bronze Trinket, Health Potion, Golden Trinket, Iron Helmet, Amulet of Wisdom
<12.06.2025 19:40:40> Picked random item from Bronze Trinket, Health Potion, Golden Trinket, Iron Helmet, Amulet of Wisdom with rarity check. Got Bronze Trinket
<12.06.2025 19:40:40> Generated loot for Orc - Bronze Trinket, Health Potion, Golden Trinket, Iron Helmet, Amulet of Wisdom
<12.06.2025 19:40:40> Picked random item from Bronze Trinket, Health Potion, Golden Trinket, Iron Helmet, Amulet of Wisdom with rarity check. Got Golden Trinket
<12.06.2025 19:40:40> Generated loot table for Orc. Items: Amulet of Wisdom, Bronze Trinket, Golden Trinket, Exp: 722
<12.06.2025 19:40:40> Generated loot for Dragon - Shadow Leggings, Health Potion, Golden Trinket, Ruby Pendant, Amulet of Wisdom, Dragon Helm, Knight's Armor
<12.06.2025 19:40:40> Picked random item from Shadow Leggings, Health Potion, Golden Trinket, Ruby Pendant, Amulet of Wisdom, Dragon Helm, Knight's Armor with rarity check. Got Golden Trinket
<12.06.2025 19:40:40> Generated loot for Dragon - Shadow Leggings, Health Potion, Golden Trinket, Ruby Pendant, Amulet of Wisdom, Dragon Helm, Knight's Armor
<12.06.2025 19:40:40> Picked random item from Shadow Leggings, Health Potion, Golden Trinket, Ruby Pendant, Amulet of Wisdom, Dragon Helm, Knight's Armor with rarity check. Got Shadow Leggings
<12.06.2025 19:40:40> Generated loot table for Dragon. Items: Golden Trinket, Shadow Leggings, Exp: 1454
<12.06.2025 19:40:41> Battle between Player and Zombie has started