<12.06.2025 19:41:18> Extracting hash from 'game_save.json'
<12.06.2025 19:41:18> Computed hash for 'game_save.json'
<12.06.2025 19:41:18> Loading game process finished.
<12.06.2025 19:41:20> Test
<12.06.2025 19:41:20> Generated loot for Zombie - Leather Armor, Bronze Trinket, Health Potion
<12.06.2025 19:41:20> Picked random item from Leather Armor, Bronze Trinket, Health Potion with rarity check. Got Bronze Trinket
<12.06.2025 19:41:20> Generated loot for Zombie - Leather Armor, Bronze Trinket, Health Potion
<12.06.2025 19:41:20> Picked random item from Leather Armor, Bronze Trinket, Health Potion with rarity check. Got Leather Armor
<12.06.2025 19:41:20> Generated loot for Zombie - Leather Armor, Bronze Trinket, Health Potion
<12.06.2025 19:41:20> Picked random item from Leather Armor, Bronze Trinket, Health Potion with rarity check. Got Health Potion
<12.06.2025 19:41:20> Generated loot table for Zombie. Items: Bronze Trinket, Leather Armor, Health Potion, Exp: 402
<12.06.2025 19:41:20> Generated loot for Goblin - Health Potion, Leather Armor, Bronze Trinket, Golden Trinket, Ruby Pendant
<12.06.2025 19:41:20> Picked random item from Health Potion, Leather Armor, Bronze Trinket, Golden Trinket, Ruby Pendant with rarity check. Got Golden Trinket
<12.06.2025 19:41:20> Generated loot for Goblin - Health Potion, Leather Armor, Bronze Trinket, Golden Trinket, Ruby Pendant
<12.06.2025 19:41:20> Picked random item from Health Potion, Leather Armor, Bronze Trinket, Golden Trinket, Ruby Pendant with rarity check. Got Leather Armor
<12.06.2025 19:41:20> Generated loot table for Goblin. Items: Golden Trinket, Leather Armor, Exp: 712
<12.06.2025 19:41:20> Generated loot for Orc - Bronze Trinket, Health Potion, Golden Trinket, Iron Helmet, Amulet of Wisdom
<12.06.2025 19:41:20> Picked random item from Bronze Trinket, Health Potion, Golden Trinket, Iron Helmet, Amulet of Wisdom with rarity check. Got Health Potion
<12.06.2025 19:41:20> Generated loot for Orc - Bronze Trinket, Health Potion, Golden Trinket, Iron Helmet, Amulet of Wisdom
<12.06.2025 19:41:20> Picked random item from Bronze Trinket, Health Potion, Golden Trinket, Iron Helmet, Amulet of Wisdom with rarity check. Got Golden Trinket
<12.06.2025 19:41:20> Generated loot for Orc - Bronze Trinket, Health Potion, Golden Trinket, Iron Helmet, Amulet of Wisdom
<12.06.2025 19:41:20> Picked random item from Bronze Trinket, Health Potion, Golden Trinket, Iron Helmet, Amulet of Wisdom with rarity check. Got Health Potion
<12.06.2025 19:41:20> Generated loot table for Orc. Items: Health Potion, Golden Trinket, Health Potion, Exp: 829
<12.06.2025 19:41:20> Generated loot for Dragon - Shadow Leggings, Health Potion, Golden Trinket, Ruby Pendant, Amulet of Wisdom, Dragon Helm, Knight's Armor
<12.06.2025 19:41:20> Picked random item from Shadow Leggings, Health Potion, Golden Trinket, Ruby Pendant, Amulet of Wisdom, Dragon Helm, Knight's Armor with rarity check. Got Health Potion
<12.06.2025 19:41:20> Generated loot for Dragon - Shadow Leggings, Health Potion, Golden Trinket, Ruby Pendant, Amulet of Wisdom, Dragon Helm, Knight's Armor
<12.06.2025 19:41:20> Picked random item from Shadow Leggings, Health Potion, Golden Trinket, Ruby Pendant, Amulet of Wisdom, Dragon Helm, Knight's Armor with rarity check. Got Health Potion
<12.06.2025 19:41:20> Generated loot for Dragon - Shadow Leggings, Health Potion, Golden Trinket, Ruby Pendant, Amulet of Wisdom, Dragon Helm, Knight's Armor
<12.06.2025 19:41:20> Picked random item from Shadow Leggings, Health Potion, Golden Trinket, Ruby Pendant, Amulet of Wisdom, Dragon Helm, Knight's Armor with rarity check. Got Golden Trinket
<12.06.2025 19:41:20> Generated loot table for Dragon. Items: Health Potion, Health Potion, Golden Trinket, Exp: 1395
<12.06.2025 19:41:20> Battle between Player and Zombie has started
<12.06.2025 19:41:35> End of Player's turn
<12.06.2025 19:41:35> End of Zombie's turn
<12.06.2025 19:42:14> End of Player's turn
<12.06.2025 19:42:14> End of Zombie's turn