<10.06.2025 15:02:06> Generated loot for Zombie - Leather Armor, Ring of Fortitude, Bronze Trinket, Health Potion
<10.06.2025 15:02:06> Picked random item from Leather Armor, Ring of Fortitude, Bronze Trinket, Health Potion with rarity check. Got Game.Chestplate
<10.06.2025 15:02:06> Generated loot for Zombie - Leather Armor, Ring of Fortitude, Bronze Trinket, Health Potion
<10.06.2025 15:02:06> Picked random item from Leather Armor, Ring of Fortitude, Bronze Trinket, Health Potion with rarity check. Got Game.Chestplate
<10.06.2025 15:02:06> Generated loot for Zombie - Leather Armor, Ring of Fortitude, Bronze Trinket, Health Potion
<10.06.2025 15:02:06> Picked random item from Leather Armor, Ring of Fortitude, Bronze Trinket, Health Potion with rarity check. Got Game.Chestplate
<10.06.2025 15:02:06> Generated loot table for Zombie. Items: Leather Armor, Leather Armor, Leather Armor, Exp: 313
<10.06.2025 15:02:06> Generated loot for Goblin - Health Potion, Leather Armor, Bronze Trinket, Golden Trinket, Ruby Pendant
<10.06.2025 15:02:06> Picked random item from Health Potion, Leather Armor, Bronze Trinket, Golden Trinket, Ruby Pendant with rarity check. Got Game.Item
<10.06.2025 15:02:06> Generated loot for Goblin - Health Potion, Leather Armor, Bronze Trinket, Golden Trinket, Ruby Pendant
<10.06.2025 15:02:06> Picked random item from Health Potion, Leather Armor, Bronze Trinket, Golden Trinket, Ruby Pendant with rarity check. Got Game.Item
<10.06.2025 15:02:06> Generated loot for Goblin - Health Potion, Leather Armor, Bronze Trinket, Golden Trinket, Ruby Pendant
<10.06.2025 15:02:06> Picked random item from Health Potion, Leather Armor, Bronze Trinket, Golden Trinket, Ruby Pendant with rarity check. Got Game.Item
<10.06.2025 15:02:06> Generated loot for Goblin - Health Potion, Leather Armor, Bronze Trinket, Golden Trinket, Ruby Pendant
<10.06.2025 15:02:06> Picked random item from Health Potion, Leather Armor, Bronze Trinket, Golden Trinket, Ruby Pendant with rarity check. Got Game.Necklace
<10.06.2025 15:02:06> Generated loot table for Goblin. Items: Bronze Trinket, Golden Trinket, Health Potion, Ruby Pendant, Exp: 750
<10.06.2025 15:02:06> Generated loot for Orc - Silver Ring, Health Potion, Golden Trinket, Iron Helmet, Amulet of Wisdom
<10.06.2025 15:02:06> Picked random item from Silver Ring, Health Potion, Golden Trinket, Iron Helmet, Amulet of Wisdom with rarity check. Got Game.Item
<10.06.2025 15:02:06> Generated loot for Orc - Silver Ring, Health Potion, Golden Trinket, Iron Helmet, Amulet of Wisdom
<10.06.2025 15:02:06> Picked random item from Silver Ring, Health Potion, Golden Trinket, Iron Helmet, Amulet of Wisdom with rarity check. Got Game.Helmet
<10.06.2025 15:02:06> Generated loot for Orc - Silver Ring, Health Potion, Golden Trinket, Iron Helmet, Amulet of Wisdom
<10.06.2025 15:02:06> Picked random item from Silver Ring, Health Potion, Golden Trinket, Iron Helmet, Amulet of Wisdom with rarity check. Got Game.Item
<10.06.2025 15:02:06> Generated loot for Orc - Silver Ring, Health Potion, Golden Trinket, Iron Helmet, Amulet of Wisdom
<10.06.2025 15:02:06> Picked random item from Silver Ring, Health Potion, Golden Trinket, Iron Helmet, Amulet of Wisdom with rarity check. Got Game.Helmet
<10.06.2025 15:02:06> Generated loot for Orc - Silver Ring, Health Potion, Golden Trinket, Iron Helmet, Amulet of Wisdom
<10.06.2025 15:02:06> Picked random item from Silver Ring, Health Potion, Golden Trinket, Iron Helmet, Amulet of Wisdom with rarity check. Got Game.Ring
<10.06.2025 15:02:06> Generated loot table for Orc. Items: Golden Trinket, Iron Helmet, Golden Trinket, Iron Helmet, Silver Ring, Exp: 884
<10.06.2025 15:02:06> Generated loot for Dragon - Shadow Leggings, Health Potion, Golden Trinket, Ruby Pendant, Amulet of Wisdom, Dragon Helm, Knight's Armor
<10.06.2025 15:02:06> Picked random item from Shadow Leggings, Health Potion, Golden Trinket, Ruby Pendant, Amulet of Wisdom, Dragon Helm, Knight's Armor with rarity check. Got Game.Leggings
<10.06.2025 15:02:06> Generated loot for Dragon - Shadow Leggings, Health Potion, Golden Trinket, Ruby Pendant, Amulet of Wisdom, Dragon Helm, Knight's Armor
<10.06.2025 15:02:06> Picked random item from Shadow Leggings, Health Potion, Golden Trinket, Ruby Pendant, Amulet of Wisdom, Dragon Helm, Knight's Armor with rarity check. Got Game.Helmet
<10.06.2025 15:02:06> Generated loot for Dragon - Shadow Leggings, Health Potion, Golden Trinket, Ruby Pendant, Amulet of Wisdom, Dragon Helm, Knight's Armor
<10.06.2025 15:02:06> Picked random item from Shadow Leggings, Health Potion, Golden Trinket, Ruby Pendant, Amulet of Wisdom, Dragon Helm, Knight's Armor with rarity check. Got Game.Item
<10.06.2025 15:02:06> Generated loot for Dragon - Shadow Leggings, Health Potion, Golden Trinket, Ruby Pendant, Amulet of Wisdom, Dragon Helm, Knight's Armor
<10.06.2025 15:02:06> Picked random item from Shadow Leggings, Health Potion, Golden Trinket, Ruby Pendant, Amulet of Wisdom, Dragon Helm, Knight's Armor with rarity check. Got Game.Item
<10.06.2025 15:02:06> Generated loot table for Dragon. Items: Shadow Leggings, Dragon Helm, Health Potion, Golden Trinket, Exp: 1201