<12.06.2025 19:59:39> Extracting hash from 'game_save.json'
<12.06.2025 19:59:39> Computed hash for 'game_save.json'
<12.06.2025 19:59:39> Loading game process finished.
<12.06.2025 19:59:43> Test
<12.06.2025 19:59:44> Generated loot for Zombie - Leather Armor, Bronze Trinket, Health Potion
<12.06.2025 19:59:44> Picked random item from Leather Armor, Bronze Trinket, Health Potion with rarity check. Got Bronze Trinket
<12.06.2025 19:59:44> Generated loot for Zombie - Leather Armor, Bronze Trinket, Health Potion
<12.06.2025 19:59:44> Picked random item from Leather Armor, Bronze Trinket, Health Potion with rarity check. Got Bronze Trinket
<12.06.2025 19:59:44> Generated loot table for Zombie. Items: Bronze Trinket, Bronze Trinket, Exp: 415
<12.06.2025 19:59:44> Generated loot for Goblin - Health Potion, Leather Armor, Bronze Trinket, Golden Trinket, Ruby Pendant
<12.06.2025 19:59:44> Picked random item from Health Potion, Leather Armor, Bronze Trinket, Golden Trinket, Ruby Pendant with rarity check. Got Leather Armor
<12.06.2025 19:59:44> Generated loot for Goblin - Health Potion, Leather Armor, Bronze Trinket, Golden Trinket, Ruby Pendant
<12.06.2025 19:59:44> Picked random item from Health Potion, Leather Armor, Bronze Trinket, Golden Trinket, Ruby Pendant with rarity check. Got Health Potion
<12.06.2025 19:59:44> Generated loot for Goblin - Health Potion, Leather Armor, Bronze Trinket, Golden Trinket, Ruby Pendant
<12.06.2025 19:59:44> Picked random item from Health Potion, Leather Armor, Bronze Trinket, Golden Trinket, Ruby Pendant with rarity check. Got Leather Armor
<12.06.2025 19:59:44> Generated loot table for Goblin. Items: Leather Armor, Health Potion, Leather Armor, Exp: 736
<12.06.2025 19:59:44> Generated loot for Orc - Bronze Trinket, Health Potion, Golden Trinket, Iron Helmet, Amulet of Wisdom
<12.06.2025 19:59:44> Picked random item from Bronze Trinket, Health Potion, Golden Trinket, Iron Helmet, Amulet of Wisdom with rarity check. Got Health Potion
<12.06.2025 19:59:44> Generated loot for Orc - Bronze Trinket, Health Potion, Golden Trinket, Iron Helmet, Amulet of Wisdom
<12.06.2025 19:59:44> Picked random item from Bronze Trinket, Health Potion, Golden Trinket, Iron Helmet, Amulet of Wisdom with rarity check. Got Iron Helmet
<12.06.2025 19:59:44> Generated loot table for Orc. Items: Health Potion, Iron Helmet, Exp: 774
<12.06.2025 19:59:44> Generated loot for Dragon - Shadow Leggings, Health Potion, Golden Trinket, Ruby Pendant, Amulet of Wisdom, Dragon Helm, Knight's Armor
<12.06.2025 19:59:44> Picked random item from Shadow Leggings, Health Potion, Golden Trinket, Ruby Pendant, Amulet of Wisdom, Dragon Helm, Knight's Armor with rarity check. Got Amulet of Wisdom
<12.06.2025 19:59:44> Generated loot for Dragon - Shadow Leggings, Health Potion, Golden Trinket, Ruby Pendant, Amulet of Wisdom, Dragon Helm, Knight's Armor
<12.06.2025 19:59:44> Picked random item from Shadow Leggings, Health Potion, Golden Trinket, Ruby Pendant, Amulet of Wisdom, Dragon Helm, Knight's Armor with rarity check. Got Ruby Pendant
<12.06.2025 19:59:44> Generated loot for Dragon - Shadow Leggings, Health Potion, Golden Trinket, Ruby Pendant, Amulet of Wisdom, Dragon Helm, Knight's Armor
<12.06.2025 19:59:44> Picked random item from Shadow Leggings, Health Potion, Golden Trinket, Ruby Pendant, Amulet of Wisdom, Dragon Helm, Knight's Armor with rarity check. Got Health Potion
<12.06.2025 19:59:44> Generated loot table for Dragon. Items: Amulet of Wisdom, Ruby Pendant, Health Potion, Exp: 1016
<12.06.2025 19:59:44> Battle between Player and Zombie has started
<12.06.2025 19:59:49> End of Player's turn
<12.06.2025 19:59:49> End of Zombie's turn
<12.06.2025 19:59:55> End of Player's turn
<12.06.2025 19:59:55> End of Zombie's turn
<12.06.2025 19:59:56> Attack
<12.06.2025 19:59:56> End of Player's turn
<12.06.2025 19:59:56> End of Zombie's turn
<12.06.2025 19:59:57> Attack
<12.06.2025 19:59:57> End of Player's turn
<12.06.2025 19:59:57> End of Zombie's turn
<12.06.2025 20:00:03> End of Player's turn
<12.06.2025 20:00:03> End of Zombie's turn
<12.06.2025 20:00:10> End of Player's turn
<12.06.2025 20:00:10> End of Zombie's turn
<12.06.2025 20:00:16> End of Player's turn
<12.06.2025 20:00:16> End of Zombie's turn
<12.06.2025 20:00:21> End of Player's turn
<12.06.2025 20:00:21> End of Zombie's turn