<12.06.2025 19:43:26> Extracting hash from 'game_save.json'
<12.06.2025 19:43:26> Computed hash for 'game_save.json'
<12.06.2025 19:43:26> Loading game process finished.
<12.06.2025 19:43:29> Test
<12.06.2025 19:43:29> Generated loot for Zombie - Leather Armor, Bronze Trinket, Health Potion
<12.06.2025 19:43:29> Picked random item from Leather Armor, Bronze Trinket, Health Potion with rarity check. Got Bronze Trinket
<12.06.2025 19:43:29> Generated loot for Zombie - Leather Armor, Bronze Trinket, Health Potion
<12.06.2025 19:43:29> Picked random item from Leather Armor, Bronze Trinket, Health Potion with rarity check. Got Leather Armor
<12.06.2025 19:43:29> Generated loot table for Zombie. Items: Bronze Trinket, Leather Armor, Exp: 398
<12.06.2025 19:43:29> Generated loot for Goblin - Health Potion, Leather Armor, Bronze Trinket, Golden Trinket, Ruby Pendant
<12.06.2025 19:43:29> Picked random item from Health Potion, Leather Armor, Bronze Trinket, Golden Trinket, Ruby Pendant with rarity check. Got Health Potion
<12.06.2025 19:43:29> Generated loot for Goblin - Health Potion, Leather Armor, Bronze Trinket, Golden Trinket, Ruby Pendant
<12.06.2025 19:43:29> Picked random item from Health Potion, Leather Armor, Bronze Trinket, Golden Trinket, Ruby Pendant with rarity check. Got Health Potion
<12.06.2025 19:43:29> Generated loot for Goblin - Health Potion, Leather Armor, Bronze Trinket, Golden Trinket, Ruby Pendant
<12.06.2025 19:43:29> Picked random item from Health Potion, Leather Armor, Bronze Trinket, Golden Trinket, Ruby Pendant with rarity check. Got Ruby Pendant
<12.06.2025 19:43:29> Generated loot table for Goblin. Items: Health Potion, Health Potion, Ruby Pendant, Exp: 665
<12.06.2025 19:43:29> Generated loot for Orc - Bronze Trinket, Health Potion, Golden Trinket, Iron Helmet, Amulet of Wisdom
<12.06.2025 19:43:29> Picked random item from Bronze Trinket, Health Potion, Golden Trinket, Iron Helmet, Amulet of Wisdom with rarity check. Got Bronze Trinket
<12.06.2025 19:43:29> Generated loot for Orc - Bronze Trinket, Health Potion, Golden Trinket, Iron Helmet, Amulet of Wisdom
<12.06.2025 19:43:29> Picked random item from Bronze Trinket, Health Potion, Golden Trinket, Iron Helmet, Amulet of Wisdom with rarity check. Got Iron Helmet
<12.06.2025 19:43:29> Generated loot table for Orc. Items: Bronze Trinket, Iron Helmet, Exp: 730
<12.06.2025 19:43:29> Generated loot for Dragon - Shadow Leggings, Health Potion, Golden Trinket, Ruby Pendant, Amulet of Wisdom, Dragon Helm, Knight's Armor
<12.06.2025 19:43:29> Picked random item from Shadow Leggings, Health Potion, Golden Trinket, Ruby Pendant, Amulet of Wisdom, Dragon Helm, Knight's Armor with rarity check. Got Health Potion
<12.06.2025 19:43:29> Generated loot for Dragon - Shadow Leggings, Health Potion, Golden Trinket, Ruby Pendant, Amulet of Wisdom, Dragon Helm, Knight's Armor
<12.06.2025 19:43:29> Picked random item from Shadow Leggings, Health Potion, Golden Trinket, Ruby Pendant, Amulet of Wisdom, Dragon Helm, Knight's Armor with rarity check. Got Knight's Armor
<12.06.2025 19:43:29> Generated loot for Dragon - Shadow Leggings, Health Potion, Golden Trinket, Ruby Pendant, Amulet of Wisdom, Dragon Helm, Knight's Armor
<12.06.2025 19:43:29> Picked random item from Shadow Leggings, Health Potion, Golden Trinket, Ruby Pendant, Amulet of Wisdom, Dragon Helm, Knight's Armor with rarity check. Got Golden Trinket
<12.06.2025 19:43:29> Generated loot table for Dragon. Items: Health Potion, Knight's Armor, Golden Trinket, Exp: 1317
<12.06.2025 19:43:31> Battle between Player and Zombie has started