<12.06.2025 19:34:18> Extracting hash from 'game_save.json'
<12.06.2025 19:34:18> Computed hash for 'game_save.json'
<12.06.2025 19:34:18> Loading game process finished.
<12.06.2025 19:34:20> Test
<12.06.2025 19:34:20> Generated loot for Zombie - Leather Armor, Bronze Trinket, Health Potion
<12.06.2025 19:34:20> Picked random item from Leather Armor, Bronze Trinket, Health Potion with rarity check. Got Health Potion
<12.06.2025 19:34:20> Generated loot for Zombie - Leather Armor, Bronze Trinket, Health Potion
<12.06.2025 19:34:20> Picked random item from Leather Armor, Bronze Trinket, Health Potion with rarity check. Got Leather Armor
<12.06.2025 19:34:20> Generated loot for Zombie - Leather Armor, Bronze Trinket, Health Potion
<12.06.2025 19:34:20> Picked random item from Leather Armor, Bronze Trinket, Health Potion with rarity check. Got Health Potion
<12.06.2025 19:34:20> Generated loot table for Zombie. Items: Health Potion, Leather Armor, Health Potion, Exp: 369
<12.06.2025 19:34:20> Generated loot for Goblin - Health Potion, Leather Armor, Bronze Trinket, Golden Trinket, Ruby Pendant
<12.06.2025 19:34:20> Picked random item from Health Potion, Leather Armor, Bronze Trinket, Golden Trinket, Ruby Pendant with rarity check. Got Leather Armor
<12.06.2025 19:34:20> Generated loot for Goblin - Health Potion, Leather Armor, Bronze Trinket, Golden Trinket, Ruby Pendant
<12.06.2025 19:34:20> Picked random item from Health Potion, Leather Armor, Bronze Trinket, Golden Trinket, Ruby Pendant with rarity check. Got Ruby Pendant
<12.06.2025 19:34:20> Generated loot table for Goblin. Items: Leather Armor, Ruby Pendant, Exp: 542
<12.06.2025 19:34:20> Generated loot for Orc - Bronze Trinket, Health Potion, Golden Trinket, Iron Helmet, Amulet of Wisdom
<12.06.2025 19:34:20> Picked random item from Bronze Trinket, Health Potion, Golden Trinket, Iron Helmet, Amulet of Wisdom with rarity check. Got Health Potion
<12.06.2025 19:34:20> Generated loot for Orc - Bronze Trinket, Health Potion, Golden Trinket, Iron Helmet, Amulet of Wisdom
<12.06.2025 19:34:20> Picked random item from Bronze Trinket, Health Potion, Golden Trinket, Iron Helmet, Amulet of Wisdom with rarity check. Got Iron Helmet
<12.06.2025 19:34:20> Generated loot for Orc - Bronze Trinket, Health Potion, Golden Trinket, Iron Helmet, Amulet of Wisdom
<12.06.2025 19:34:20> Picked random item from Bronze Trinket, Health Potion, Golden Trinket, Iron Helmet, Amulet of Wisdom with rarity check. Got Golden Trinket
<12.06.2025 19:34:20> Generated loot table for Orc. Items: Health Potion, Iron Helmet, Golden Trinket, Exp: 945
<12.06.2025 19:34:20> Generated loot for Dragon - Shadow Leggings, Health Potion, Golden Trinket, Ruby Pendant, Amulet of Wisdom, Dragon Helm, Knight's Armor
<12.06.2025 19:34:20> Picked random item from Shadow Leggings, Health Potion, Golden Trinket, Ruby Pendant, Amulet of Wisdom, Dragon Helm, Knight's Armor with rarity check. Got Health Potion
<12.06.2025 19:34:20> Generated loot for Dragon - Shadow Leggings, Health Potion, Golden Trinket, Ruby Pendant, Amulet of Wisdom, Dragon Helm, Knight's Armor
<12.06.2025 19:34:20> Picked random item from Shadow Leggings, Health Potion, Golden Trinket, Ruby Pendant, Amulet of Wisdom, Dragon Helm, Knight's Armor with rarity check. Got Shadow Leggings
<12.06.2025 19:34:20> Generated loot table for Dragon. Items: Health Potion, Shadow Leggings, Exp: 1206
<12.06.2025 19:34:21> Battle between Player and Zombie has started