<10.06.2025 17:30:56> Generated loot for Zombie - Leather Armor, Ring of Fortitude, Bronze Trinket, Health Potion
<10.06.2025 17:30:56> Picked random item from Leather Armor, Ring of Fortitude, Bronze Trinket, Health Potion with rarity check. Got Game.Chestplate
<10.06.2025 17:30:56> Generated loot for Zombie - Leather Armor, Ring of Fortitude, Bronze Trinket, Health Potion
<10.06.2025 17:30:56> Picked random item from Leather Armor, Ring of Fortitude, Bronze Trinket, Health Potion with rarity check. Got Game.Ring
<10.06.2025 17:30:56> Generated loot table for Zombie. Items: Leather Armor, Ring of Fortitude, Exp: 263
<10.06.2025 17:30:56> Generated loot for Goblin - Health Potion, Leather Armor, Bronze Trinket, Golden Trinket, Ruby Pendant
<10.06.2025 17:30:56> Picked random item from Health Potion, Leather Armor, Bronze Trinket, Golden Trinket, Ruby Pendant with rarity check. Got Game.Item
<10.06.2025 17:30:56> Generated loot for Goblin - Health Potion, Leather Armor, Bronze Trinket, Golden Trinket, Ruby Pendant
<10.06.2025 17:30:56> Picked random item from Health Potion, Leather Armor, Bronze Trinket, Golden Trinket, Ruby Pendant with rarity check. Got Game.Item
<10.06.2025 17:30:56> Generated loot table for Goblin. Items: Golden Trinket, Health Potion, Exp: 510
<10.06.2025 17:30:56> Generated loot for Orc - Silver Ring, Health Potion, Golden Trinket, Iron Helmet, Amulet of Wisdom
<10.06.2025 17:30:56> Picked random item from Silver Ring, Health Potion, Golden Trinket, Iron Helmet, Amulet of Wisdom with rarity check. Got Game.Item
<10.06.2025 17:30:56> Generated loot for Orc - Silver Ring, Health Potion, Golden Trinket, Iron Helmet, Amulet of Wisdom
<10.06.2025 17:30:56> Picked random item from Silver Ring, Health Potion, Golden Trinket, Iron Helmet, Amulet of Wisdom with rarity check. Got Game.Ring
<10.06.2025 17:30:56> Generated loot for Orc - Silver Ring, Health Potion, Golden Trinket, Iron Helmet, Amulet of Wisdom
<10.06.2025 17:30:56> Picked random item from Silver Ring, Health Potion, Golden Trinket, Iron Helmet, Amulet of Wisdom with rarity check. Got Game.Item
<10.06.2025 17:30:56> Generated loot table for Orc. Items: Health Potion, Silver Ring, Golden Trinket, Exp: 846
<10.06.2025 17:30:56> Generated loot for Dragon - Shadow Leggings, Health Potion, Golden Trinket, Ruby Pendant, Amulet of Wisdom, Dragon Helm, Knight's Armor
<10.06.2025 17:30:56> Picked random item from Shadow Leggings, Health Potion, Golden Trinket, Ruby Pendant, Amulet of Wisdom, Dragon Helm, Knight's Armor with rarity check. Got Game.Leggings
<10.06.2025 17:30:56> Generated loot for Dragon - Shadow Leggings, Health Potion, Golden Trinket, Ruby Pendant, Amulet of Wisdom, Dragon Helm, Knight's Armor
<10.06.2025 17:30:56> Picked random item from Shadow Leggings, Health Potion, Golden Trinket, Ruby Pendant, Amulet of Wisdom, Dragon Helm, Knight's Armor with rarity check. Got Game.Leggings
<10.06.2025 17:30:56> Generated loot for Dragon - Shadow Leggings, Health Potion, Golden Trinket, Ruby Pendant, Amulet of Wisdom, Dragon Helm, Knight's Armor
<10.06.2025 17:30:56> Picked random item from Shadow Leggings, Health Potion, Golden Trinket, Ruby Pendant, Amulet of Wisdom, Dragon Helm, Knight's Armor with rarity check. Got Game.Leggings
<10.06.2025 17:30:56> Generated loot table for Dragon. Items: Shadow Leggings, Shadow Leggings, Shadow Leggings, Exp: 1135
<10.06.2025 17:30:56> 
Player casted Magic Wand on Orc
<10.06.2025 17:30:59> CastSpell() Checking if I equals to F
<10.06.2025 17:30:59> CastSpell() Incorrect spell! Key: F