<10.06.2025 17:37:52> Generated loot for Zombie - Leather Armor, Ring of Fortitude, Bronze Trinket, Health Potion
<10.06.2025 17:37:52> Picked random item from Leather Armor, Ring of Fortitude, Bronze Trinket, Health Potion with rarity check. Got Game.Item
<10.06.2025 17:37:52> Generated loot for Zombie - Leather Armor, Ring of Fortitude, Bronze Trinket, Health Potion
<10.06.2025 17:37:52> Picked random item from Leather Armor, Ring of Fortitude, Bronze Trinket, Health Potion with rarity check. Got Game.Item
<10.06.2025 17:37:52> Generated loot for Zombie - Leather Armor, Ring of Fortitude, Bronze Trinket, Health Potion
<10.06.2025 17:37:52> Picked random item from Leather Armor, Ring of Fortitude, Bronze Trinket, Health Potion with rarity check. Got Game.Item
<10.06.2025 17:37:52> Generated loot table for Zombie. Items: Bronze Trinket, Health Potion, Bronze Trinket, Exp: 228
<10.06.2025 17:37:52> Generated loot for Goblin - Health Potion, Leather Armor, Bronze Trinket, Golden Trinket, Ruby Pendant
<10.06.2025 17:37:52> Picked random item from Health Potion, Leather Armor, Bronze Trinket, Golden Trinket, Ruby Pendant with rarity check. Got Game.Item
<10.06.2025 17:37:52> Generated loot for Goblin - Health Potion, Leather Armor, Bronze Trinket, Golden Trinket, Ruby Pendant
<10.06.2025 17:37:52> Picked random item from Health Potion, Leather Armor, Bronze Trinket, Golden Trinket, Ruby Pendant with rarity check. Got Game.Item
<10.06.2025 17:37:52> Generated loot for Goblin - Health Potion, Leather Armor, Bronze Trinket, Golden Trinket, Ruby Pendant
<10.06.2025 17:37:52> Picked random item from Health Potion, Leather Armor, Bronze Trinket, Golden Trinket, Ruby Pendant with rarity check. Got Game.Chestplate
<10.06.2025 17:37:52> Generated loot table for Goblin. Items: Golden Trinket, Golden Trinket, Leather Armor, Exp: 562
<10.06.2025 17:37:52> Generated loot for Orc - Silver Ring, Health Potion, Golden Trinket, Iron Helmet, Amulet of Wisdom
<10.06.2025 17:37:52> Picked random item from Silver Ring, Health Potion, Golden Trinket, Iron Helmet, Amulet of Wisdom with rarity check. Got Game.Item
<10.06.2025 17:37:52> Generated loot for Orc - Silver Ring, Health Potion, Golden Trinket, Iron Helmet, Amulet of Wisdom
<10.06.2025 17:37:52> Picked random item from Silver Ring, Health Potion, Golden Trinket, Iron Helmet, Amulet of Wisdom with rarity check. Got Game.Item
<10.06.2025 17:37:52> Generated loot for Orc - Silver Ring, Health Potion, Golden Trinket, Iron Helmet, Amulet of Wisdom
<10.06.2025 17:37:52> Picked random item from Silver Ring, Health Potion, Golden Trinket, Iron Helmet, Amulet of Wisdom with rarity check. Got Game.Item
<10.06.2025 17:37:52> Generated loot table for Orc. Items: Health Potion, Health Potion, Health Potion, Exp: 992
<10.06.2025 17:37:52> Generated loot for Dragon - Shadow Leggings, Health Potion, Golden Trinket, Ruby Pendant, Amulet of Wisdom, Dragon Helm, Knight's Armor
<10.06.2025 17:37:52> Picked random item from Shadow Leggings, Health Potion, Golden Trinket, Ruby Pendant, Amulet of Wisdom, Dragon Helm, Knight's Armor with rarity check. Got Game.Necklace
<10.06.2025 17:37:52> Generated loot for Dragon - Shadow Leggings, Health Potion, Golden Trinket, Ruby Pendant, Amulet of Wisdom, Dragon Helm, Knight's Armor
<10.06.2025 17:37:52> Picked random item from Shadow Leggings, Health Potion, Golden Trinket, Ruby Pendant, Amulet of Wisdom, Dragon Helm, Knight's Armor with rarity check. Got Game.Item
<10.06.2025 17:37:52> Generated loot for Dragon - Shadow Leggings, Health Potion, Golden Trinket, Ruby Pendant, Amulet of Wisdom, Dragon Helm, Knight's Armor
<10.06.2025 17:37:52> Picked random item from Shadow Leggings, Health Potion, Golden Trinket, Ruby Pendant, Amulet of Wisdom, Dragon Helm, Knight's Armor with rarity check. Got Game.Leggings
<10.06.2025 17:37:52> Generated loot table for Dragon. Items: Ruby Pendant, Health Potion, Shadow Leggings, Exp: 1274
<10.06.2025 17:37:52> 
Player casted Magic Wand on Orc
<10.06.2025 17:37:54> CastSpell() Checking if I equals to F
<10.06.2025 17:37:54> CastSpell() Incorrect spell! Key: F, Current Combo: , Expected: ICE
<10.06.2025 17:37:54> 
Player casted Magic Wand on Orc
<10.06.2025 17:37:55> CastSpell() Checking if I equals to I
<10.06.2025 17:37:56> CastSpell() Checking if C equals to R
<10.06.2025 17:37:56> CastSpell() Incorrect spell! Key: R, Current Combo: I, Expected: ICE
<10.06.2025 17:37:56> 
Player casted Magic Wand on Orc
<10.06.2025 17:37:56> CastSpell() Checking if I equals to E
<10.06.2025 17:37:56> CastSpell() Incorrect spell! Key: E, Current Combo: , Expected: ICE
<10.06.2025 17:37:56> 
Player casted Magic Wand on Orc
<10.06.2025 17:37:58> CastSpell() Checking if I equals to E
<10.06.2025 17:37:58> CastSpell() Incorrect spell! Key: E, Current Combo: , Expected: ICE
<10.06.2025 17:37:58> 
Player casted Magic Wand on Orc
<10.06.2025 17:37:59> CastSpell() Checking if I equals to E
<10.06.2025 17:37:59> CastSpell() Incorrect spell! Key: E, Current Combo: , Expected: ICE
<10.06.2025 17:37:59> 
Player casted Magic Wand on Orc
<10.06.2025 17:38:00> CastSpell() Checking if I equals to D
<10.06.2025 17:38:00> CastSpell() Incorrect spell! Key: D, Current Combo: , Expected: ICE
<10.06.2025 17:38:00> 
Player casted Magic Wand on Orc
<10.06.2025 17:38:01> CastSpell() Checking if I equals to Enter
<10.06.2025 17:38:01> CastSpell() Incorrect spell! Key: Enter, Current Combo: , Expected: ICE
<10.06.2025 17:38:01> 
Player casted Magic Wand on Orc