<10.06.2025 17:40:47> Generated loot for Zombie - Leather Armor, Ring of Fortitude, Bronze Trinket, Health Potion
<10.06.2025 17:40:47> Picked random item from Leather Armor, Ring of Fortitude, Bronze Trinket, Health Potion with rarity check. Got Game.Item
<10.06.2025 17:40:47> Generated loot for Zombie - Leather Armor, Ring of Fortitude, Bronze Trinket, Health Potion
<10.06.2025 17:40:47> Picked random item from Leather Armor, Ring of Fortitude, Bronze Trinket, Health Potion with rarity check. Got Game.Ring
<10.06.2025 17:40:47> Generated loot for Zombie - Leather Armor, Ring of Fortitude, Bronze Trinket, Health Potion
<10.06.2025 17:40:47> Picked random item from Leather Armor, Ring of Fortitude, Bronze Trinket, Health Potion with rarity check. Got Game.Chestplate
<10.06.2025 17:40:47> Generated loot table for Zombie. Items: Health Potion, Ring of Fortitude, Leather Armor, Exp: 280
<10.06.2025 17:40:47> Generated loot for Goblin - Health Potion, Leather Armor, Bronze Trinket, Golden Trinket, Ruby Pendant
<10.06.2025 17:40:47> Picked random item from Health Potion, Leather Armor, Bronze Trinket, Golden Trinket, Ruby Pendant with rarity check. Got Game.Necklace
<10.06.2025 17:40:47> Generated loot for Goblin - Health Potion, Leather Armor, Bronze Trinket, Golden Trinket, Ruby Pendant
<10.06.2025 17:40:47> Picked random item from Health Potion, Leather Armor, Bronze Trinket, Golden Trinket, Ruby Pendant with rarity check. Got Game.Item
<10.06.2025 17:40:47> Generated loot for Goblin - Health Potion, Leather Armor, Bronze Trinket, Golden Trinket, Ruby Pendant
<10.06.2025 17:40:47> Picked random item from Health Potion, Leather Armor, Bronze Trinket, Golden Trinket, Ruby Pendant with rarity check. Got Game.Item
<10.06.2025 17:40:47> Generated loot table for Goblin. Items: Ruby Pendant, Bronze Trinket, Health Potion, Exp: 647
<10.06.2025 17:40:47> Generated loot for Orc - Silver Ring, Health Potion, Golden Trinket, Iron Helmet, Amulet of Wisdom
<10.06.2025 17:40:47> Picked random item from Silver Ring, Health Potion, Golden Trinket, Iron Helmet, Amulet of Wisdom with rarity check. Got Game.Item
<10.06.2025 17:40:47> Generated loot for Orc - Silver Ring, Health Potion, Golden Trinket, Iron Helmet, Amulet of Wisdom
<10.06.2025 17:40:47> Picked random item from Silver Ring, Health Potion, Golden Trinket, Iron Helmet, Amulet of Wisdom with rarity check. Got Game.Item
<10.06.2025 17:40:47> Generated loot for Orc - Silver Ring, Health Potion, Golden Trinket, Iron Helmet, Amulet of Wisdom
<10.06.2025 17:40:47> Picked random item from Silver Ring, Health Potion, Golden Trinket, Iron Helmet, Amulet of Wisdom with rarity check. Got Game.Item
<10.06.2025 17:40:47> Generated loot table for Orc. Items: Health Potion, Health Potion, Health Potion, Exp: 811
<10.06.2025 17:40:47> Generated loot for Dragon - Shadow Leggings, Health Potion, Golden Trinket, Ruby Pendant, Amulet of Wisdom, Dragon Helm, Knight's Armor
<10.06.2025 17:40:47> Picked random item from Shadow Leggings, Health Potion, Golden Trinket, Ruby Pendant, Amulet of Wisdom, Dragon Helm, Knight's Armor with rarity check. Got Game.Chestplate
<10.06.2025 17:40:47> Generated loot for Dragon - Shadow Leggings, Health Potion, Golden Trinket, Ruby Pendant, Amulet of Wisdom, Dragon Helm, Knight's Armor
<10.06.2025 17:40:47> Picked random item from Shadow Leggings, Health Potion, Golden Trinket, Ruby Pendant, Amulet of Wisdom, Dragon Helm, Knight's Armor with rarity check. Got Game.Item
<10.06.2025 17:40:47> Generated loot table for Dragon. Items: Knight's Armor, Golden Trinket, Exp: 1261
<10.06.2025 17:40:47> 
Player casted Magic Wand on Orc
<10.06.2025 17:40:49> CastSpell() Checking if I equals to F
<10.06.2025 17:40:49> CastSpell() Incorrect spell! Key: F, Current Combo: , Expected: ICE
<10.06.2025 17:40:49> CastSpell() Checking if F equals to F
<10.06.2025 17:40:50> CastSpell() Checking if I equals to I
<10.06.2025 17:40:51> CastSpell() Checking if R equals to R
<10.06.2025 17:40:51> CastSpell() Checking if E equals to E
<10.06.2025 17:40:52> CastSpell() failed: No matching spell found.
<10.06.2025 17:40:52> 
Player casted Magic Wand on Orc
<10.06.2025 17:40:53> CastSpell() Checking if I equals to Escape
<10.06.2025 17:40:53> CastSpell() Incorrect spell! Key: Escape, Current Combo: , Expected: ICE
<10.06.2025 17:40:53> CastSpell() Checking if F equals to Escape
<10.06.2025 17:40:53> CastSpell() Incorrect spell! Key: Escape, Current Combo: , Expected: FIRE
<10.06.2025 17:40:53> CastSpell() failed: No matching spell found.
<10.06.2025 17:40:53> 
Player casted Magic Wand on Orc