<10.06.2025 17:44:07> Generated loot for Zombie - Leather Armor, Ring of Fortitude, Bronze Trinket, Health Potion
<10.06.2025 17:44:07> Picked random item from Leather Armor, Ring of Fortitude, Bronze Trinket, Health Potion with rarity check. Got Game.Chestplate
<10.06.2025 17:44:07> Generated loot for Zombie - Leather Armor, Ring of Fortitude, Bronze Trinket, Health Potion
<10.06.2025 17:44:07> Picked random item from Leather Armor, Ring of Fortitude, Bronze Trinket, Health Potion with rarity check. Got Game.Ring
<10.06.2025 17:44:07> Generated loot for Zombie - Leather Armor, Ring of Fortitude, Bronze Trinket, Health Potion
<10.06.2025 17:44:07> Picked random item from Leather Armor, Ring of Fortitude, Bronze Trinket, Health Potion with rarity check. Got Game.Ring
<10.06.2025 17:44:07> Generated loot table for Zombie. Items: Leather Armor, Ring of Fortitude, Ring of Fortitude, Exp: 385
<10.06.2025 17:44:07> Generated loot for Goblin - Health Potion, Leather Armor, Bronze Trinket, Golden Trinket, Ruby Pendant
<10.06.2025 17:44:07> Picked random item from Health Potion, Leather Armor, Bronze Trinket, Golden Trinket, Ruby Pendant with rarity check. Got Game.Item
<10.06.2025 17:44:07> Generated loot for Goblin - Health Potion, Leather Armor, Bronze Trinket, Golden Trinket, Ruby Pendant
<10.06.2025 17:44:07> Picked random item from Health Potion, Leather Armor, Bronze Trinket, Golden Trinket, Ruby Pendant with rarity check. Got Game.Item
<10.06.2025 17:44:07> Generated loot table for Goblin. Items: Health Potion, Health Potion, Exp: 571
<10.06.2025 17:44:07> Generated loot for Orc - Silver Ring, Health Potion, Golden Trinket, Iron Helmet, Amulet of Wisdom
<10.06.2025 17:44:07> Picked random item from Silver Ring, Health Potion, Golden Trinket, Iron Helmet, Amulet of Wisdom with rarity check. Got Game.Helmet
<10.06.2025 17:44:07> Generated loot for Orc - Silver Ring, Health Potion, Golden Trinket, Iron Helmet, Amulet of Wisdom
<10.06.2025 17:44:07> Picked random item from Silver Ring, Health Potion, Golden Trinket, Iron Helmet, Amulet of Wisdom with rarity check. Got Game.Item
<10.06.2025 17:44:07> Generated loot table for Orc. Items: Iron Helmet, Health Potion, Exp: 874
<10.06.2025 17:44:07> Generated loot for Dragon - Shadow Leggings, Health Potion, Golden Trinket, Ruby Pendant, Amulet of Wisdom, Dragon Helm, Knight's Armor
<10.06.2025 17:44:07> Picked random item from Shadow Leggings, Health Potion, Golden Trinket, Ruby Pendant, Amulet of Wisdom, Dragon Helm, Knight's Armor with rarity check. Got Game.Item
<10.06.2025 17:44:07> Generated loot for Dragon - Shadow Leggings, Health Potion, Golden Trinket, Ruby Pendant, Amulet of Wisdom, Dragon Helm, Knight's Armor
<10.06.2025 17:44:07> Picked random item from Shadow Leggings, Health Potion, Golden Trinket, Ruby Pendant, Amulet of Wisdom, Dragon Helm, Knight's Armor with rarity check. Got Game.Item
<10.06.2025 17:44:07> Generated loot table for Dragon. Items: Health Potion, Health Potion, Exp: 1068
<10.06.2025 17:44:07> 
Player casted Magic Wand on Orc
<10.06.2025 17:44:09> CastSpell() Checking if user input equals spell combo then cast the spell
<10.06.2025 17:44:09> CastSpell() Checking if I equals to F
<10.06.2025 17:44:09> CastSpell() Incorrect spell! Key: F, Current Combo: , Expected: ICE
<10.06.2025 17:44:09> CastSpell() Checking if user input equals spell combo then cast the spell
<10.06.2025 17:44:09> CastSpell() Checking if F equals to F
<10.06.2025 17:44:09> CastSpell() Checking if I equals to I
<10.06.2025 17:44:09> CastSpell() Checking if R equals to R
<10.06.2025 17:44:09> CastSpell() Checking if E equals to E