<12.06.2025 19:31:47> Extracting hash from 'game_save.json'
<12.06.2025 19:31:47> Computed hash for 'game_save.json'
<12.06.2025 19:31:47> Loading game process finished.
<12.06.2025 19:31:53> Test
<12.06.2025 19:31:53> Generated loot for Zombie - Leather Armor, Bronze Trinket, Health Potion
<12.06.2025 19:31:53> Picked random item from Leather Armor, Bronze Trinket, Health Potion with rarity check. Got Bronze Trinket
<12.06.2025 19:31:53> Generated loot for Zombie - Leather Armor, Bronze Trinket, Health Potion
<12.06.2025 19:31:53> Picked random item from Leather Armor, Bronze Trinket, Health Potion with rarity check. Got Leather Armor
<12.06.2025 19:31:53> Generated loot table for Zombie. Items: Bronze Trinket, Leather Armor, Exp: 411
<12.06.2025 19:31:53> Generated loot for Goblin - Health Potion, Leather Armor, Bronze Trinket, Golden Trinket, Ruby Pendant
<12.06.2025 19:31:53> Picked random item from Health Potion, Leather Armor, Bronze Trinket, Golden Trinket, Ruby Pendant with rarity check. Got Bronze Trinket
<12.06.2025 19:31:53> Generated loot for Goblin - Health Potion, Leather Armor, Bronze Trinket, Golden Trinket, Ruby Pendant
<12.06.2025 19:31:53> Picked random item from Health Potion, Leather Armor, Bronze Trinket, Golden Trinket, Ruby Pendant with rarity check. Got Health Potion
<12.06.2025 19:31:53> Generated loot table for Goblin. Items: Bronze Trinket, Health Potion, Exp: 514
<12.06.2025 19:31:53> Generated loot for Orc - Bronze Trinket, Health Potion, Golden Trinket, Iron Helmet, Amulet of Wisdom
<12.06.2025 19:31:53> Picked random item from Bronze Trinket, Health Potion, Golden Trinket, Iron Helmet, Amulet of Wisdom with rarity check. Got Iron Helmet
<12.06.2025 19:31:53> Generated loot for Orc - Bronze Trinket, Health Potion, Golden Trinket, Iron Helmet, Amulet of Wisdom
<12.06.2025 19:31:53> Picked random item from Bronze Trinket, Health Potion, Golden Trinket, Iron Helmet, Amulet of Wisdom with rarity check. Got Iron Helmet
<12.06.2025 19:31:53> Generated loot for Orc - Bronze Trinket, Health Potion, Golden Trinket, Iron Helmet, Amulet of Wisdom
<12.06.2025 19:31:53> Picked random item from Bronze Trinket, Health Potion, Golden Trinket, Iron Helmet, Amulet of Wisdom with rarity check. Got Golden Trinket
<12.06.2025 19:31:53> Generated loot table for Orc. Items: Iron Helmet, Iron Helmet, Golden Trinket, Exp: 910
<12.06.2025 19:31:53> Generated loot for Dragon - Shadow Leggings, Health Potion, Golden Trinket, Ruby Pendant, Amulet of Wisdom, Dragon Helm, Knight's Armor
<12.06.2025 19:31:53> Picked random item from Shadow Leggings, Health Potion, Golden Trinket, Ruby Pendant, Amulet of Wisdom, Dragon Helm, Knight's Armor with rarity check. Got Knight's Armor
<12.06.2025 19:31:53> Generated loot for Dragon - Shadow Leggings, Health Potion, Golden Trinket, Ruby Pendant, Amulet of Wisdom, Dragon Helm, Knight's Armor
<12.06.2025 19:31:53> Picked random item from Shadow Leggings, Health Potion, Golden Trinket, Ruby Pendant, Amulet of Wisdom, Dragon Helm, Knight's Armor with rarity check. Got Golden Trinket
<12.06.2025 19:31:53> Generated loot for Dragon - Shadow Leggings, Health Potion, Golden Trinket, Ruby Pendant, Amulet of Wisdom, Dragon Helm, Knight's Armor
<12.06.2025 19:31:53> Picked random item from Shadow Leggings, Health Potion, Golden Trinket, Ruby Pendant, Amulet of Wisdom, Dragon Helm, Knight's Armor with rarity check. Got Health Potion
<12.06.2025 19:31:53> Generated loot table for Dragon. Items: Knight's Armor, Golden Trinket, Health Potion, Exp: 1448
<12.06.2025 19:31:54> Battle between Player and Zombie has started