<12.06.2025 19:32:37> Extracting hash from 'game_save.json'
<12.06.2025 19:32:37> Computed hash for 'game_save.json'
<12.06.2025 19:32:37> Loading game process finished.
<12.06.2025 19:32:38> Test
<12.06.2025 19:32:38> Generated loot for Zombie - Leather Armor, Bronze Trinket, Health Potion
<12.06.2025 19:32:38> Picked random item from Leather Armor, Bronze Trinket, Health Potion with rarity check. Got Health Potion
<12.06.2025 19:32:38> Generated loot for Zombie - Leather Armor, Bronze Trinket, Health Potion
<12.06.2025 19:32:38> Picked random item from Leather Armor, Bronze Trinket, Health Potion with rarity check. Got Bronze Trinket
<12.06.2025 19:32:38> Generated loot for Zombie - Leather Armor, Bronze Trinket, Health Potion
<12.06.2025 19:32:38> Picked random item from Leather Armor, Bronze Trinket, Health Potion with rarity check. Got Leather Armor
<12.06.2025 19:32:38> Generated loot table for Zombie. Items: Health Potion, Bronze Trinket, Leather Armor, Exp: 421
<12.06.2025 19:32:38> Generated loot for Goblin - Health Potion, Leather Armor, Bronze Trinket, Golden Trinket, Ruby Pendant
<12.06.2025 19:32:38> Picked random item from Health Potion, Leather Armor, Bronze Trinket, Golden Trinket, Ruby Pendant with rarity check. Got Bronze Trinket
<12.06.2025 19:32:38> Generated loot for Goblin - Health Potion, Leather Armor, Bronze Trinket, Golden Trinket, Ruby Pendant
<12.06.2025 19:32:38> Picked random item from Health Potion, Leather Armor, Bronze Trinket, Golden Trinket, Ruby Pendant with rarity check. Got Leather Armor
<12.06.2025 19:32:38> Generated loot table for Goblin. Items: Bronze Trinket, Leather Armor, Exp: 600
<12.06.2025 19:32:38> Generated loot for Orc - Bronze Trinket, Health Potion, Golden Trinket, Iron Helmet, Amulet of Wisdom
<12.06.2025 19:32:38> Picked random item from Bronze Trinket, Health Potion, Golden Trinket, Iron Helmet, Amulet of Wisdom with rarity check. Got Bronze Trinket
<12.06.2025 19:32:38> Generated loot for Orc - Bronze Trinket, Health Potion, Golden Trinket, Iron Helmet, Amulet of Wisdom
<12.06.2025 19:32:38> Picked random item from Bronze Trinket, Health Potion, Golden Trinket, Iron Helmet, Amulet of Wisdom with rarity check. Got Iron Helmet
<12.06.2025 19:32:38> Generated loot for Orc - Bronze Trinket, Health Potion, Golden Trinket, Iron Helmet, Amulet of Wisdom
<12.06.2025 19:32:38> Picked random item from Bronze Trinket, Health Potion, Golden Trinket, Iron Helmet, Amulet of Wisdom with rarity check. Got Amulet of Wisdom
<12.06.2025 19:32:38> Generated loot table for Orc. Items: Bronze Trinket, Iron Helmet, Amulet of Wisdom, Exp: 876
<12.06.2025 19:32:38> Generated loot for Dragon - Shadow Leggings, Health Potion, Golden Trinket, Ruby Pendant, Amulet of Wisdom, Dragon Helm, Knight's Armor
<12.06.2025 19:32:38> Picked random item from Shadow Leggings, Health Potion, Golden Trinket, Ruby Pendant, Amulet of Wisdom, Dragon Helm, Knight's Armor with rarity check. Got Health Potion
<12.06.2025 19:32:38> Generated loot for Dragon - Shadow Leggings, Health Potion, Golden Trinket, Ruby Pendant, Amulet of Wisdom, Dragon Helm, Knight's Armor
<12.06.2025 19:32:38> Picked random item from Shadow Leggings, Health Potion, Golden Trinket, Ruby Pendant, Amulet of Wisdom, Dragon Helm, Knight's Armor with rarity check. Got Golden Trinket
<12.06.2025 19:32:38> Generated loot table for Dragon. Items: Health Potion, Golden Trinket, Exp: 1000
<12.06.2025 19:32:39> Battle between Player and Zombie has started