<12.06.2025 19:33:48> Extracting hash from 'game_save.json'
<12.06.2025 19:33:48> Computed hash for 'game_save.json'
<12.06.2025 19:33:48> Loading game process finished.
<12.06.2025 19:33:50> Test
<12.06.2025 19:33:50> Generated loot for Zombie - Leather Armor, Bronze Trinket, Health Potion
<12.06.2025 19:33:50> Picked random item from Leather Armor, Bronze Trinket, Health Potion with rarity check. Got Bronze Trinket
<12.06.2025 19:33:50> Generated loot for Zombie - Leather Armor, Bronze Trinket, Health Potion
<12.06.2025 19:33:50> Picked random item from Leather Armor, Bronze Trinket, Health Potion with rarity check. Got Bronze Trinket
<12.06.2025 19:33:50> Generated loot for Zombie - Leather Armor, Bronze Trinket, Health Potion
<12.06.2025 19:33:50> Picked random item from Leather Armor, Bronze Trinket, Health Potion with rarity check. Got Bronze Trinket
<12.06.2025 19:33:50> Generated loot table for Zombie. Items: Bronze Trinket, Bronze Trinket, Bronze Trinket, Exp: 245
<12.06.2025 19:33:50> Generated loot for Goblin - Health Potion, Leather Armor, Bronze Trinket, Golden Trinket, Ruby Pendant
<12.06.2025 19:33:50> Picked random item from Health Potion, Leather Armor, Bronze Trinket, Golden Trinket, Ruby Pendant with rarity check. Got Bronze Trinket
<12.06.2025 19:33:50> Generated loot for Goblin - Health Potion, Leather Armor, Bronze Trinket, Golden Trinket, Ruby Pendant
<12.06.2025 19:33:50> Picked random item from Health Potion, Leather Armor, Bronze Trinket, Golden Trinket, Ruby Pendant with rarity check. Got Ruby Pendant
<12.06.2025 19:33:50> Generated loot table for Goblin. Items: Bronze Trinket, Ruby Pendant, Exp: 696
<12.06.2025 19:33:50> Generated loot for Orc - Bronze Trinket, Health Potion, Golden Trinket, Iron Helmet, Amulet of Wisdom
<12.06.2025 19:33:50> Picked random item from Bronze Trinket, Health Potion, Golden Trinket, Iron Helmet, Amulet of Wisdom with rarity check. Got Bronze Trinket
<12.06.2025 19:33:50> Generated loot for Orc - Bronze Trinket, Health Potion, Golden Trinket, Iron Helmet, Amulet of Wisdom
<12.06.2025 19:33:50> Picked random item from Bronze Trinket, Health Potion, Golden Trinket, Iron Helmet, Amulet of Wisdom with rarity check. Got Amulet of Wisdom
<12.06.2025 19:33:50> Generated loot for Orc - Bronze Trinket, Health Potion, Golden Trinket, Iron Helmet, Amulet of Wisdom
<12.06.2025 19:33:50> Picked random item from Bronze Trinket, Health Potion, Golden Trinket, Iron Helmet, Amulet of Wisdom with rarity check. Got Iron Helmet
<12.06.2025 19:33:50> Generated loot table for Orc. Items: Bronze Trinket, Amulet of Wisdom, Iron Helmet, Exp: 751
<12.06.2025 19:33:50> Generated loot for Dragon - Shadow Leggings, Health Potion, Golden Trinket, Ruby Pendant, Amulet of Wisdom, Dragon Helm, Knight's Armor
<12.06.2025 19:33:50> Picked random item from Shadow Leggings, Health Potion, Golden Trinket, Ruby Pendant, Amulet of Wisdom, Dragon Helm, Knight's Armor with rarity check. Got Ruby Pendant
<12.06.2025 19:33:50> Generated loot for Dragon - Shadow Leggings, Health Potion, Golden Trinket, Ruby Pendant, Amulet of Wisdom, Dragon Helm, Knight's Armor
<12.06.2025 19:33:50> Picked random item from Shadow Leggings, Health Potion, Golden Trinket, Ruby Pendant, Amulet of Wisdom, Dragon Helm, Knight's Armor with rarity check. Got Health Potion
<12.06.2025 19:33:50> Generated loot table for Dragon. Items: Ruby Pendant, Health Potion, Exp: 1380
<12.06.2025 19:33:51> Battle between Player and Zombie has started